<?xml version="1.0" encoding="UTF-8"?>
<!-- Generated by org.testng.reporters.JUnitXMLReporter -->
<testsuite ignored="0" hostname="HP" failures="0" tests="2" name="Test-2" time="143.944" errors="0" timestamp="2021-11-10T11:56:19 IST">
  <testcase classname="com.crm.comcast.contactstest.CreateContactTest" name="createContTest" time="48.805"/>
  <testcase classname="com.crm.comcast.contactstest.CreateContactTest" name="createContTest2" time="36.654"/>
</testsuite> <!-- Test-2 -->
