<?xml version="1.0" encoding="UTF-8"?>
<!-- Generated by org.testng.reporters.JUnitXMLReporter -->
<testsuite ignored="0" hostname="HP" failures="0" tests="2" name="Test-1" time="130.75" errors="0" timestamp="2021-11-10T11:56:06 IST">
  <testcase classname="com.crm.comcast.contactstest.CreateContactTest" name="createContTest" time="60.935"/>
  <testcase classname="com.crm.comcast.contactstest.CreateContactTest" name="createContTest2" time="40.047"/>
</testsuite> <!-- Test-1 -->
