<?xml version="1.0" encoding="UTF-8"?>
<!-- Generated by org.testng.reporters.JUnitReportReporter -->
<testsuite hostname="HP" failures="0" tests="1" name="com.crm.comcast.organizationtest.CreateOrg2_Test" time="30.653" errors="0" timestamp="2021-11-10T16:08:58 IST" skipped="0">
  <testcase classname="com.crm.comcast.organizationtest.CreateOrg2_Test" name="createOrgTest" time="30.653"/>
  <system-out/>
</testsuite> <!-- com.crm.comcast.organizationtest.CreateOrg2_Test -->
