<?xml version="1.0" encoding="UTF-8"?>
<!-- Generated by org.testng.reporters.JUnitReportReporter -->
<testsuite hostname="HP" failures="0" tests="2" name="com.crm.comcast.contactstest.CreateContact2Test" time="107.263" errors="0" timestamp="2021-11-03T18:43:48 IST" skipped="0">
  <testcase classname="com.crm.comcast.contactstest.CreateContact2Test" name="createContTest" time="61.023"/>
  <system-out/>
  <testcase classname="com.crm.comcast.contactstest.CreateContact2Test" name="createContTest2" time="46.240"/>
  <system-out/>
</testsuite> <!-- com.crm.comcast.contactstest.CreateContact2Test -->
