<?xml version="1.0" encoding="UTF-8"?>
<!-- Generated by org.testng.reporters.JUnitReportReporter -->
<testsuite hostname="HP" failures="0" tests="2" name="com.crm.comcast.organizationtest.CreateOrganizationWithIndustrie2Test" time="58.192" errors="0" timestamp="2021-11-03T13:00:05 IST" skipped="0">
  <testcase classname="com.crm.comcast.organizationtest.CreateOrganizationWithIndustrie2Test" name="createOrgWithIndustriesTest" time="28.136"/>
  <system-out/>
  <testcase classname="com.crm.comcast.organizationtest.CreateOrganizationWithIndustrie2Test" name="createOrgTest" time="30.056"/>
  <system-out/>
</testsuite> <!-- com.crm.comcast.organizationtest.CreateOrganizationWithIndustrie2Test -->
