<?xml version="1.0" encoding="UTF-8"?>
<!-- Generated by org.testng.reporters.JUnitReportReporter -->
<testsuite hostname="HP" failures="0" tests="1" name="com.crm.comcast.organizationtest.CreateOrganization2Test" time="38.282" errors="0" timestamp="2021-11-03T10:24:52 IST" skipped="0">
  <testcase classname="com.crm.comcast.organizationtest.CreateOrganization2Test" name="create" time="38.282"/>
  <system-out/>
</testsuite> <!-- com.crm.comcast.organizationtest.CreateOrganization2Test -->
