<?xml version="1.0" encoding="UTF-8"?>
<!-- Generated by org.testng.reporters.JUnitReportReporter -->
<testsuite hostname="HP" failures="0" tests="1" name="vtiger.C" time="29.889" errors="0" timestamp="2021-10-28T15:07:29 IST" skipped="0">
  <testcase classname="vtiger.C" name="create" time="29.889"/>
  <system-out/>
</testsuite> <!-- vtiger.C -->
