<?xml version="1.0" encoding="UTF-8"?>
<!-- Generated by org.testng.reporters.JUnitReportReporter -->
<testsuite hostname="HP" failures="0" tests="1" name="practice.DeleteOrganization" time="26.453" errors="0" timestamp="2021-11-09T19:33:13 IST" skipped="0">
  <testcase classname="practice.DeleteOrganization" name="delete" time="26.453"/>
  <system-out/>
</testsuite> <!-- practice.DeleteOrganization -->
