<?xml version="1.0" encoding="UTF-8"?>
<!-- Generated by org.testng.reporters.JUnitReportReporter -->
<testsuite hostname="HP" failures="0" tests="1" name="extentReports.Reports" time="2.062" errors="0" timestamp="2021-12-12T08:59:52 IST" skipped="0">
  <testcase classname="extentReports.Reports" name="extent" time="2.062"/>
  <system-out>
    <![CDATA[testng]]>
  </system-out>
</testsuite> <!-- extentReports.Reports -->
