<?xml version="1.0" encoding="UTF-8"?>
<!-- Generated by org.testng.reporters.JUnitReportReporter -->
<testsuite hostname="HP" failures="0" tests="1" name="vtiger_practice2.CreateContactTest" time="59.364" errors="0" timestamp="2021-11-05T22:34:56 IST" skipped="0">
  <testcase classname="vtiger_practice2.CreateContactTest" name="create" time="59.364"/>
  <system-out/>
</testsuite> <!-- vtiger_practice2.CreateContactTest -->
