<?xml version="1.0" encoding="UTF-8"?>
<!-- Generated by org.testng.reporters.JUnitReportReporter -->
<testsuite hostname="HP" failures="0" tests="1" name="vtiger_practice.LogInWithMultipleData" time="67.223" errors="0" timestamp="2021-11-01T10:00:45 IST" skipped="0">
  <testcase classname="vtiger_practice.LogInWithMultipleData" name="login" time="67.223"/>
  <system-out/>
</testsuite> <!-- vtiger_practice.LogInWithMultipleData -->
