<?xml version="1.0" encoding="UTF-8"?>
<!-- Generated by org.testng.reporters.JUnitReportReporter -->
<testsuite hostname="HP" failures="0" tests="1" name="com.crm.comcast.contactstest.CreateContact3Test" time="86.874" errors="0" timestamp="2021-11-05T22:59:12 IST" skipped="0">
  <testcase classname="com.crm.comcast.contactstest.CreateContact3Test" name="contact1Test" time="86.874"/>
  <system-out/>
</testsuite> <!-- com.crm.comcast.contactstest.CreateContact3Test -->
