<?xml version="1.0" encoding="UTF-8"?>
<!-- Generated by org.testng.reporters.JUnitReportReporter -->
<testsuite hostname="HP" failures="0" tests="1" name="practice.VtigerCheckBox" time="24.951" errors="0" timestamp="2021-11-09T20:30:08 IST" skipped="0">
  <testcase classname="practice.VtigerCheckBox" name="clickAllCheckBox" time="24.951"/>
  <system-out/>
</testsuite> <!-- practice.VtigerCheckBox -->
