<?xml version="1.0" encoding="UTF-8"?>
<!-- Generated by org.testng.reporters.JUnitReportReporter -->
<testsuite hostname="HP" failures="0" tests="1" name="com.crm.comcast.contactstest.CreateContactTest" time="66.905" errors="0" timestamp="2021-11-16T11:16:04 IST" skipped="0">
  <testcase classname="com.crm.comcast.contactstest.CreateContactTest" name="createContTest" time="66.905"/>
  <system-out/>
</testsuite> <!-- com.crm.comcast.contactstest.CreateContactTest -->
