<?xml version="1.0" encoding="UTF-8"?>
<!-- Generated by org.testng.reporters.JUnitReportReporter -->
<testsuite hostname="HP" failures="0" tests="1" name="com.crm.comcast.contactstest.CreateContactWithLastNameTest" time="54.267" errors="0" timestamp="2021-11-03T10:11:40 IST" skipped="0">
  <testcase classname="com.crm.comcast.contactstest.CreateContactWithLastNameTest" name="create" time="54.267"/>
  <system-out/>
</testsuite> <!-- com.crm.comcast.contactstest.CreateContactWithLastNameTest -->
