<?xml version="1.0" encoding="UTF-8"?>
<!-- Generated by org.testng.reporters.JUnitReportReporter -->
<testsuite hostname="HP" failures="0" tests="1" name="practice.DeleteOrganization2" time="25.481" errors="0" timestamp="2021-11-10T10:25:28 IST" skipped="0">
  <testcase classname="practice.DeleteOrganization2" name="delete" time="25.481"/>
  <system-out/>
</testsuite> <!-- practice.DeleteOrganization2 -->
