<?xml version="1.0" encoding="UTF-8"?>
<!-- Generated by org.testng.reporters.JUnitReportReporter -->
<testsuite hostname="HP" failures="0" tests="1" name="testNgPractice.BaseClass" time="0.025" errors="0" timestamp="2021-11-03T11:41:05 IST" skipped="0">
  <testcase classname="testNgPractice.BaseClass" name="baseTest" time="0.025"/>
  <system-out/>
</testsuite> <!-- testNgPractice.BaseClass -->
